09:32:06.214 [main] [INFO ] c.l.semin.server.ServerApplication - Starting ServerApplication using Java 17.0.10 with PID 492 (C:\Programming\Projects\liga_internship\java_specialist\prerevolutionary-tinder\server\build\classes\java\main started by user in C:\Programming\Projects\liga_internship\java_specialist\prerevolutionary-tinder) 
09:32:06.214 [main] [INFO ] c.l.semin.server.ServerApplication - Starting ServerApplication using Java 17.0.10 with PID 492 (C:\Programming\Projects\liga_internship\java_specialist\prerevolutionary-tinder\server\build\classes\java\main started by user in C:\Programming\Projects\liga_internship\java_specialist\prerevolutionary-tinder) 
09:32:06.223 [main] [INFO ] c.l.semin.server.ServerApplication - No active profile set, falling back to 1 default profile: "default" 
09:32:06.223 [main] [INFO ] c.l.semin.server.ServerApplication - No active profile set, falling back to 1 default profile: "default" 
09:32:06.907 [main] [INFO ] o.s.d.r.c.RepositoryConfigurationDelegate - Bootstrapping Spring Data JPA repositories in DEFAULT mode. 
09:32:06.966 [main] [INFO ] o.s.d.r.c.RepositoryConfigurationDelegate - Finished Spring Data repository scanning in 51 ms. Found 1 JPA repository interface. 
09:32:07.412 [main] [INFO ] o.s.b.w.e.tomcat.TomcatWebServer - Tomcat initialized with port 8090 (http) 
09:32:07.421 [main] [INFO ] o.a.coyote.http11.Http11NioProtocol - Initializing ProtocolHandler ["http-nio-8090"] 
09:32:07.423 [main] [INFO ] o.a.catalina.core.StandardService - Starting service [Tomcat] 
09:32:07.423 [main] [INFO ] o.a.catalina.core.StandardEngine - Starting Servlet engine: [Apache Tomcat/10.1.19] 
09:32:07.479 [main] [INFO ] o.a.c.c.C.[Tomcat].[localhost].[/] - Initializing Spring embedded WebApplicationContext 
09:32:07.479 [main] [INFO ] o.s.b.w.s.c.ServletWebServerApplicationContext - Root WebApplicationContext: initialization completed in 1213 ms 
09:32:07.597 [main] [INFO ] com.zaxxer.hikari.HikariDataSource - HikariPool-1 - Starting... 
09:32:07.753 [main] [INFO ] com.zaxxer.hikari.pool.HikariPool - HikariPool-1 - Added connection org.postgresql.jdbc.PgConnection@2dd63e3 
09:32:07.755 [main] [INFO ] com.zaxxer.hikari.HikariDataSource - HikariPool-1 - Start completed. 
09:32:07.889 [main] [INFO ] liquibase.database - Set default schema name to public 
09:32:08.315 [main] [INFO ] liquibase.changelog - Creating database history table with name: public.databasechangelog 
09:32:08.364 [main] [INFO ] liquibase.changelog - Reading from public.databasechangelog 
09:32:08.465 [main] [INFO ] liquibase.lockservice - Successfully acquired change log lock 
09:32:08.467 [main] [INFO ] liquibase.command - Using deploymentId: 2385128466 
09:32:08.468 [main] [INFO ] liquibase.changelog - Reading from public.databasechangelog 
09:32:08.528 [main] [INFO ] liquibase.changelog - Table users created 
09:32:08.535 [main] [INFO ] liquibase.changelog - Table users_likes created 
09:32:08.541 [main] [INFO ] liquibase.changelog - Foreign key constraint added to users_likes (from_user) 
09:32:08.543 [main] [INFO ] liquibase.changelog - Foreign key constraint added to users_likes (to_user) 
09:32:08.545 [main] [INFO ] liquibase.changelog - ChangeSet db/changelog/migration_init_users_001.xml::migration1_create_tables::sanecheqq ran successfully in 46ms 
09:32:08.604 [main] [INFO ] liquibase.changelog - Data loaded from 'classpath:db/data/users.csv' into table 'users' 
09:32:08.605 [main] [INFO ] liquibase.changelog - ChangeSet db/changelog/migration_fill_users_002.xml::load_data_users::sanecheqq ran successfully in 52ms 
09:32:08.612 [main] [INFO ] liquibase.util - UPDATE SUMMARY 
09:32:08.612 [main] [INFO ] liquibase.util - Run:                          2 
09:32:08.612 [main] [INFO ] liquibase.util - Previously run:               0 
09:32:08.612 [main] [INFO ] liquibase.util - Filtered out:                 0 
09:32:08.612 [main] [INFO ] liquibase.util - ------------------------------- 
09:32:08.612 [main] [INFO ] liquibase.util - Total change sets:            2 
09:32:08.612 [main] [INFO ] liquibase.util - Update summary generated 
09:32:08.614 [main] [INFO ] liquibase.command - Update command completed successfully. 
09:32:08.618 [main] [INFO ] liquibase.lockservice - Successfully released change log lock 
09:32:08.619 [main] [INFO ] liquibase.command - Command execution complete 
09:32:08.693 [main] [INFO ] o.h.jpa.internal.util.LogHelper - HHH000204: Processing PersistenceUnitInfo [name: default] 
09:32:08.751 [main] [INFO ] org.hibernate.Version - HHH000412: Hibernate ORM core version 6.4.4.Final 
09:32:08.788 [main] [INFO ] o.h.c.i.RegionFactoryInitiator - HHH000026: Second-level cache disabled 
09:32:09.031 [main] [INFO ] o.s.o.j.p.SpringPersistenceUnitInfo - No LoadTimeWeaver setup: ignoring JPA class transformer 
09:32:09.895 [main] [INFO ] o.h.e.t.j.p.i.JtaPlatformInitiator - HHH000489: No JTA platform available (set 'hibernate.transaction.jta.platform' to enable JTA platform integration) 
09:32:09.952 [main] [INFO ] o.s.o.j.LocalContainerEntityManagerFactoryBean - Initialized JPA EntityManagerFactory for persistence unit 'default' 
09:32:10.174 [main] [INFO ] o.s.d.j.r.q.QueryEnhancerFactory - Hibernate is in classpath; If applicable, HQL parser will be used. 
09:32:10.542 [main] [WARN ] o.s.b.a.o.j.JpaBaseConfiguration$JpaWebConfiguration - spring.jpa.open-in-view is enabled by default. Therefore, database queries may be performed during view rendering. Explicitly configure spring.jpa.open-in-view to disable this warning 
09:32:10.835 [main] [INFO ] o.a.coyote.http11.Http11NioProtocol - Starting ProtocolHandler ["http-nio-8090"] 
09:32:10.851 [main] [INFO ] o.s.b.w.e.tomcat.TomcatWebServer - Tomcat started on port 8090 (http) with context path '' 
09:32:10.859 [main] [INFO ] c.l.semin.server.ServerApplication - Started ServerApplication in 5.07 seconds (process running for 5.68) 
09:32:10.859 [main] [INFO ] c.l.semin.server.ServerApplication - Started ServerApplication in 5.07 seconds (process running for 5.68) 
09:33:58.426 [http-nio-8090-exec-1] [INFO ] o.a.c.c.C.[Tomcat].[localhost].[/] - Initializing Spring DispatcherServlet 'dispatcherServlet' 
09:33:58.426 [http-nio-8090-exec-1] [INFO ] o.s.web.servlet.DispatcherServlet - Initializing Servlet 'dispatcherServlet' 
09:33:58.427 [http-nio-8090-exec-1] [INFO ] o.s.web.servlet.DispatcherServlet - Completed initialization in 1 ms 
09:33:58.465 [http-nio-8090-exec-1] [INFO ] c.l.s.s.controller.UserController - getUserProfile by user 484175925 
09:33:58.465 [http-nio-8090-exec-1] [INFO ] c.l.s.s.controller.UserController - getUserProfile by user 484175925 
09:34:09.040 [http-nio-8090-exec-4] [INFO ] c.l.s.s.controller.UserController - getUserProfile by user 484175925 
09:34:09.040 [http-nio-8090-exec-4] [INFO ] c.l.s.s.controller.UserController - getUserProfile by user 484175925 
09:35:05.802 [http-nio-8090-exec-3] [INFO ] c.l.s.s.controller.UserController - createUser with id 484175925 and name Александръ 
09:35:05.802 [http-nio-8090-exec-3] [INFO ] c.l.s.s.controller.UserController - createUser with id 484175925 and name Александръ 
09:35:05.863 [http-nio-8090-exec-5] [INFO ] c.l.s.s.controller.UserController - getUserProfile by user 484175925 
09:35:05.863 [http-nio-8090-exec-5] [INFO ] c.l.s.s.controller.UserController - getUserProfile by user 484175925 
09:35:15.741 [http-nio-8090-exec-2] [INFO ] c.l.s.s.controller.UserController - getSearchingUserProfileWithOffset by user 484175925 
09:35:15.741 [http-nio-8090-exec-2] [INFO ] c.l.s.s.controller.UserController - getSearchingUserProfileWithOffset by user 484175925 
09:35:19.967 [http-nio-8090-exec-6] [INFO ] c.l.s.s.controller.UserController - postFavorite from user 484175925 to user 2 
09:35:19.967 [http-nio-8090-exec-6] [INFO ] c.l.s.s.controller.UserController - postFavorite from user 484175925 to user 2 
09:35:19.993 [http-nio-8090-exec-7] [INFO ] c.l.s.s.controller.UserController - getSearchingUserProfileWithOffset by user 484175925 
09:35:19.993 [http-nio-8090-exec-7] [INFO ] c.l.s.s.controller.UserController - getSearchingUserProfileWithOffset by user 484175925 
09:35:22.452 [http-nio-8090-exec-8] [INFO ] c.l.s.s.controller.UserController - getSearchingUserProfileWithOffset by user 484175925 
09:35:22.452 [http-nio-8090-exec-8] [INFO ] c.l.s.s.controller.UserController - getSearchingUserProfileWithOffset by user 484175925 
09:35:23.556 [http-nio-8090-exec-9] [INFO ] c.l.s.s.controller.UserController - getSearchingUserProfileWithOffset by user 484175925 
09:35:23.556 [http-nio-8090-exec-9] [INFO ] c.l.s.s.controller.UserController - getSearchingUserProfileWithOffset by user 484175925 
09:35:24.722 [http-nio-8090-exec-10] [INFO ] c.l.s.s.controller.UserController - getSearchingUserProfileWithOffset by user 484175925 
09:35:24.722 [http-nio-8090-exec-10] [INFO ] c.l.s.s.controller.UserController - getSearchingUserProfileWithOffset by user 484175925 
09:35:26.484 [http-nio-8090-exec-1] [INFO ] c.l.s.s.controller.UserController - getSearchingUserProfileWithOffset by user 484175925 
09:35:26.484 [http-nio-8090-exec-1] [INFO ] c.l.s.s.controller.UserController - getSearchingUserProfileWithOffset by user 484175925 
09:35:28.730 [http-nio-8090-exec-4] [INFO ] c.l.s.s.controller.UserController - getSearchingUserProfileWithOffset by user 484175925 
09:35:28.730 [http-nio-8090-exec-4] [INFO ] c.l.s.s.controller.UserController - getSearchingUserProfileWithOffset by user 484175925 
09:35:30.947 [http-nio-8090-exec-3] [INFO ] c.l.s.s.controller.UserController - getSearchingUserProfileWithOffset by user 484175925 
09:35:30.947 [http-nio-8090-exec-3] [INFO ] c.l.s.s.controller.UserController - getSearchingUserProfileWithOffset by user 484175925 
09:35:33.315 [http-nio-8090-exec-5] [INFO ] c.l.s.s.controller.UserController - postFavorite from user 484175925 to user 5 
09:35:33.315 [http-nio-8090-exec-5] [INFO ] c.l.s.s.controller.UserController - postFavorite from user 484175925 to user 5 
09:35:33.329 [http-nio-8090-exec-2] [INFO ] c.l.s.s.controller.UserController - getSearchingUserProfileWithOffset by user 484175925 
09:35:33.329 [http-nio-8090-exec-2] [INFO ] c.l.s.s.controller.UserController - getSearchingUserProfileWithOffset by user 484175925 
09:35:36.609 [http-nio-8090-exec-6] [INFO ] c.l.s.s.controller.UserController - getFavoriteProfiles by user 484175925 
09:35:36.609 [http-nio-8090-exec-6] [INFO ] c.l.s.s.controller.UserController - getFavoriteProfiles by user 484175925 
09:35:48.226 [http-nio-8090-exec-7] [INFO ] c.l.s.s.controller.UserController - getFollowerProfiles by user 484175925 
09:35:48.226 [http-nio-8090-exec-7] [INFO ] c.l.s.s.controller.UserController - getFollowerProfiles by user 484175925 
09:35:50.862 [http-nio-8090-exec-8] [INFO ] c.l.s.s.controller.UserController - getMutualFollowingProfiles by user 484175925 
09:35:50.862 [http-nio-8090-exec-8] [INFO ] c.l.s.s.controller.UserController - getMutualFollowingProfiles by user 484175925 
