09:33:58.466 [http-nio-8090-exec-1] [DEBUG] c.l.s.s.service.UserServiceImpl - Getting user profile with id 484175925 
09:33:58.467 [http-nio-8090-exec-1] [DEBUG] c.l.s.s.service.UserServiceImpl - Find by id user 484175925 in users-table 
09:34:09.040 [http-nio-8090-exec-4] [DEBUG] c.l.s.s.service.UserServiceImpl - Getting user profile with id 484175925 
09:34:09.040 [http-nio-8090-exec-4] [DEBUG] c.l.s.s.service.UserServiceImpl - Find by id user 484175925 in users-table 
09:35:05.803 [http-nio-8090-exec-3] [DEBUG] c.l.s.s.service.UserServiceImpl - Creating user with id 484175925 and name Александръ 
09:35:05.863 [http-nio-8090-exec-5] [DEBUG] c.l.s.s.service.UserServiceImpl - Getting user profile with id 484175925 
09:35:05.863 [http-nio-8090-exec-5] [DEBUG] c.l.s.s.service.UserServiceImpl - Find by id user 484175925 in users-table 
09:35:05.869 [http-nio-8090-exec-5] [DEBUG] c.l.s.s.s.ImageProcessingServiceImpl - Processing user's profile 
09:35:06.216 [http-nio-8090-exec-5] [DEBUG] c.l.s.s.s.ImageProcessingServiceImpl - Splitting user's profile by lines 
09:35:06.242 [http-nio-8090-exec-5] [DEBUG] c.l.s.s.s.ImageProcessingServiceImpl - Drawing user's profile header lines 
09:35:06.243 [http-nio-8090-exec-5] [DEBUG] c.l.s.s.s.ImageProcessingServiceImpl - Splitting user's profile by lines 
09:35:06.245 [http-nio-8090-exec-5] [DEBUG] c.l.s.s.s.ImageProcessingServiceImpl - Drawing user's profile body lines 
09:35:15.741 [http-nio-8090-exec-2] [DEBUG] c.l.s.s.service.UserServiceImpl - Getting next user profile for searching by user with id 484175925 
09:35:15.742 [http-nio-8090-exec-2] [DEBUG] c.l.s.s.service.UserServiceImpl - Find by id user 484175925 in users-table 
09:35:15.794 [http-nio-8090-exec-2] [DEBUG] c.l.s.s.service.UserServiceImpl - Got next user 484175925 with offset 0 
09:35:15.803 [http-nio-8090-exec-2] [DEBUG] c.l.s.s.s.ImageProcessingServiceImpl - Processing user's profile 
09:35:15.883 [http-nio-8090-exec-2] [DEBUG] c.l.s.s.s.ImageProcessingServiceImpl - Splitting user's profile by lines 
09:35:15.884 [http-nio-8090-exec-2] [DEBUG] c.l.s.s.s.ImageProcessingServiceImpl - Drawing user's profile header lines 
09:35:15.884 [http-nio-8090-exec-2] [DEBUG] c.l.s.s.s.ImageProcessingServiceImpl - Splitting user's profile by lines 
09:35:15.889 [http-nio-8090-exec-2] [DEBUG] c.l.s.s.s.ImageProcessingServiceImpl - Drawing user's profile body lines 
09:35:19.967 [http-nio-8090-exec-6] [DEBUG] c.l.s.s.service.UserServiceImpl - Posting favorite from user 484175925 to user 2 
09:35:19.967 [http-nio-8090-exec-6] [DEBUG] c.l.s.s.service.UserServiceImpl - Find by id user 484175925 in users-table 
09:35:19.969 [http-nio-8090-exec-6] [DEBUG] c.l.s.s.service.UserServiceImpl - Find by id user 2 in users-table 
09:35:19.993 [http-nio-8090-exec-7] [DEBUG] c.l.s.s.service.UserServiceImpl - Getting next user profile for searching by user with id 484175925 
09:35:19.993 [http-nio-8090-exec-7] [DEBUG] c.l.s.s.service.UserServiceImpl - Find by id user 484175925 in users-table 
09:35:19.998 [http-nio-8090-exec-7] [DEBUG] c.l.s.s.service.UserServiceImpl - Got next user 484175925 with offset 1 
09:35:20.001 [http-nio-8090-exec-7] [DEBUG] c.l.s.s.s.ImageProcessingServiceImpl - Processing user's profile 
09:35:20.088 [http-nio-8090-exec-7] [DEBUG] c.l.s.s.s.ImageProcessingServiceImpl - Splitting user's profile by lines 
09:35:20.089 [http-nio-8090-exec-7] [DEBUG] c.l.s.s.s.ImageProcessingServiceImpl - Drawing user's profile header lines 
09:35:20.089 [http-nio-8090-exec-7] [DEBUG] c.l.s.s.s.ImageProcessingServiceImpl - Splitting user's profile by lines 
09:35:20.094 [http-nio-8090-exec-7] [DEBUG] c.l.s.s.s.ImageProcessingServiceImpl - Drawing user's profile body lines 
09:35:22.452 [http-nio-8090-exec-8] [DEBUG] c.l.s.s.service.UserServiceImpl - Getting next user profile for searching by user with id 484175925 
09:35:22.452 [http-nio-8090-exec-8] [DEBUG] c.l.s.s.service.UserServiceImpl - Find by id user 484175925 in users-table 
09:35:22.457 [http-nio-8090-exec-8] [DEBUG] c.l.s.s.service.UserServiceImpl - Got next user 484175925 with offset 2 
09:35:22.460 [http-nio-8090-exec-8] [DEBUG] c.l.s.s.s.ImageProcessingServiceImpl - Processing user's profile 
09:35:22.542 [http-nio-8090-exec-8] [DEBUG] c.l.s.s.s.ImageProcessingServiceImpl - Splitting user's profile by lines 
09:35:22.544 [http-nio-8090-exec-8] [DEBUG] c.l.s.s.s.ImageProcessingServiceImpl - Drawing user's profile header lines 
09:35:22.544 [http-nio-8090-exec-8] [DEBUG] c.l.s.s.s.ImageProcessingServiceImpl - Splitting user's profile by lines 
09:35:22.547 [http-nio-8090-exec-8] [DEBUG] c.l.s.s.s.ImageProcessingServiceImpl - Drawing user's profile body lines 
09:35:23.556 [http-nio-8090-exec-9] [DEBUG] c.l.s.s.service.UserServiceImpl - Getting next user profile for searching by user with id 484175925 
09:35:23.556 [http-nio-8090-exec-9] [DEBUG] c.l.s.s.service.UserServiceImpl - Find by id user 484175925 in users-table 
09:35:23.560 [http-nio-8090-exec-9] [DEBUG] c.l.s.s.service.UserServiceImpl - Got next user 484175925 with offset 3 
09:35:23.563 [http-nio-8090-exec-9] [DEBUG] c.l.s.s.s.ImageProcessingServiceImpl - Processing user's profile 
09:35:23.642 [http-nio-8090-exec-9] [DEBUG] c.l.s.s.s.ImageProcessingServiceImpl - Splitting user's profile by lines 
09:35:23.643 [http-nio-8090-exec-9] [DEBUG] c.l.s.s.s.ImageProcessingServiceImpl - Drawing user's profile header lines 
09:35:23.643 [http-nio-8090-exec-9] [DEBUG] c.l.s.s.s.ImageProcessingServiceImpl - Splitting user's profile by lines 
09:35:23.644 [http-nio-8090-exec-9] [DEBUG] c.l.s.s.s.ImageProcessingServiceImpl - Drawing user's profile body lines 
09:35:24.722 [http-nio-8090-exec-10] [DEBUG] c.l.s.s.service.UserServiceImpl - Getting next user profile for searching by user with id 484175925 
09:35:24.722 [http-nio-8090-exec-10] [DEBUG] c.l.s.s.service.UserServiceImpl - Find by id user 484175925 in users-table 
09:35:24.727 [http-nio-8090-exec-10] [DEBUG] c.l.s.s.service.UserServiceImpl - Got next user 484175925 with offset 4 
09:35:24.730 [http-nio-8090-exec-10] [DEBUG] c.l.s.s.s.ImageProcessingServiceImpl - Processing user's profile 
09:35:24.811 [http-nio-8090-exec-10] [DEBUG] c.l.s.s.s.ImageProcessingServiceImpl - Splitting user's profile by lines 
09:35:24.812 [http-nio-8090-exec-10] [DEBUG] c.l.s.s.s.ImageProcessingServiceImpl - Drawing user's profile header lines 
09:35:24.813 [http-nio-8090-exec-10] [DEBUG] c.l.s.s.s.ImageProcessingServiceImpl - Splitting user's profile by lines 
09:35:24.814 [http-nio-8090-exec-10] [DEBUG] c.l.s.s.s.ImageProcessingServiceImpl - Drawing user's profile body lines 
09:35:26.485 [http-nio-8090-exec-1] [DEBUG] c.l.s.s.service.UserServiceImpl - Getting next user profile for searching by user with id 484175925 
09:35:26.485 [http-nio-8090-exec-1] [DEBUG] c.l.s.s.service.UserServiceImpl - Find by id user 484175925 in users-table 
09:35:26.490 [http-nio-8090-exec-1] [DEBUG] c.l.s.s.service.UserServiceImpl - Got next user 484175925 with offset 0 
09:35:26.493 [http-nio-8090-exec-1] [DEBUG] c.l.s.s.s.ImageProcessingServiceImpl - Processing user's profile 
09:35:26.577 [http-nio-8090-exec-1] [DEBUG] c.l.s.s.s.ImageProcessingServiceImpl - Splitting user's profile by lines 
09:35:26.578 [http-nio-8090-exec-1] [DEBUG] c.l.s.s.s.ImageProcessingServiceImpl - Drawing user's profile header lines 
09:35:26.578 [http-nio-8090-exec-1] [DEBUG] c.l.s.s.s.ImageProcessingServiceImpl - Splitting user's profile by lines 
09:35:26.579 [http-nio-8090-exec-1] [DEBUG] c.l.s.s.s.ImageProcessingServiceImpl - Drawing user's profile body lines 
09:35:28.730 [http-nio-8090-exec-4] [DEBUG] c.l.s.s.service.UserServiceImpl - Getting next user profile for searching by user with id 484175925 
09:35:28.730 [http-nio-8090-exec-4] [DEBUG] c.l.s.s.service.UserServiceImpl - Find by id user 484175925 in users-table 
09:35:28.734 [http-nio-8090-exec-4] [DEBUG] c.l.s.s.service.UserServiceImpl - Got next user 484175925 with offset 1 
09:35:28.737 [http-nio-8090-exec-4] [DEBUG] c.l.s.s.s.ImageProcessingServiceImpl - Processing user's profile 
09:35:28.815 [http-nio-8090-exec-4] [DEBUG] c.l.s.s.s.ImageProcessingServiceImpl - Splitting user's profile by lines 
09:35:28.815 [http-nio-8090-exec-4] [DEBUG] c.l.s.s.s.ImageProcessingServiceImpl - Drawing user's profile header lines 
09:35:28.815 [http-nio-8090-exec-4] [DEBUG] c.l.s.s.s.ImageProcessingServiceImpl - Splitting user's profile by lines 
09:35:28.816 [http-nio-8090-exec-4] [DEBUG] c.l.s.s.s.ImageProcessingServiceImpl - Drawing user's profile body lines 
09:35:30.947 [http-nio-8090-exec-3] [DEBUG] c.l.s.s.service.UserServiceImpl - Getting next user profile for searching by user with id 484175925 
09:35:30.947 [http-nio-8090-exec-3] [DEBUG] c.l.s.s.service.UserServiceImpl - Find by id user 484175925 in users-table 
09:35:30.950 [http-nio-8090-exec-3] [DEBUG] c.l.s.s.service.UserServiceImpl - Got next user 484175925 with offset 2 
09:35:30.954 [http-nio-8090-exec-3] [DEBUG] c.l.s.s.s.ImageProcessingServiceImpl - Processing user's profile 
09:35:31.032 [http-nio-8090-exec-3] [DEBUG] c.l.s.s.s.ImageProcessingServiceImpl - Splitting user's profile by lines 
09:35:31.033 [http-nio-8090-exec-3] [DEBUG] c.l.s.s.s.ImageProcessingServiceImpl - Drawing user's profile header lines 
09:35:31.033 [http-nio-8090-exec-3] [DEBUG] c.l.s.s.s.ImageProcessingServiceImpl - Splitting user's profile by lines 
09:35:31.034 [http-nio-8090-exec-3] [DEBUG] c.l.s.s.s.ImageProcessingServiceImpl - Drawing user's profile body lines 
09:35:33.315 [http-nio-8090-exec-5] [DEBUG] c.l.s.s.service.UserServiceImpl - Posting favorite from user 484175925 to user 5 
09:35:33.316 [http-nio-8090-exec-5] [DEBUG] c.l.s.s.service.UserServiceImpl - Find by id user 484175925 in users-table 
09:35:33.317 [http-nio-8090-exec-5] [DEBUG] c.l.s.s.service.UserServiceImpl - Find by id user 5 in users-table 
09:35:33.330 [http-nio-8090-exec-2] [DEBUG] c.l.s.s.service.UserServiceImpl - Getting next user profile for searching by user with id 484175925 
09:35:33.330 [http-nio-8090-exec-2] [DEBUG] c.l.s.s.service.UserServiceImpl - Find by id user 484175925 in users-table 
09:35:33.333 [http-nio-8090-exec-2] [DEBUG] c.l.s.s.service.UserServiceImpl - Got next user 484175925 with offset 3 
09:35:33.336 [http-nio-8090-exec-2] [DEBUG] c.l.s.s.s.ImageProcessingServiceImpl - Processing user's profile 
09:35:33.421 [http-nio-8090-exec-2] [DEBUG] c.l.s.s.s.ImageProcessingServiceImpl - Splitting user's profile by lines 
09:35:33.422 [http-nio-8090-exec-2] [DEBUG] c.l.s.s.s.ImageProcessingServiceImpl - Drawing user's profile header lines 
09:35:33.422 [http-nio-8090-exec-2] [DEBUG] c.l.s.s.s.ImageProcessingServiceImpl - Splitting user's profile by lines 
09:35:33.423 [http-nio-8090-exec-2] [DEBUG] c.l.s.s.s.ImageProcessingServiceImpl - Drawing user's profile body lines 
09:35:36.609 [http-nio-8090-exec-6] [DEBUG] c.l.s.s.service.UserServiceImpl - Getting list of favorite profiles by user 484175925 
09:35:36.609 [http-nio-8090-exec-6] [DEBUG] c.l.s.s.service.UserServiceImpl - Find by id user 484175925 in users-table 
09:35:36.614 [http-nio-8090-exec-6] [DEBUG] c.l.s.s.s.ImageProcessingServiceImpl - Processing user's profile 
09:35:36.696 [http-nio-8090-exec-6] [DEBUG] c.l.s.s.s.ImageProcessingServiceImpl - Splitting user's profile by lines 
09:35:36.696 [http-nio-8090-exec-6] [DEBUG] c.l.s.s.s.ImageProcessingServiceImpl - Drawing user's profile header lines 
09:35:36.696 [http-nio-8090-exec-6] [DEBUG] c.l.s.s.s.ImageProcessingServiceImpl - Splitting user's profile by lines 
09:35:36.697 [http-nio-8090-exec-6] [DEBUG] c.l.s.s.s.ImageProcessingServiceImpl - Drawing user's profile body lines 
09:35:36.753 [http-nio-8090-exec-6] [DEBUG] c.l.s.s.s.ImageProcessingServiceImpl - Processing user's profile 
09:35:36.835 [http-nio-8090-exec-6] [DEBUG] c.l.s.s.s.ImageProcessingServiceImpl - Splitting user's profile by lines 
09:35:36.835 [http-nio-8090-exec-6] [DEBUG] c.l.s.s.s.ImageProcessingServiceImpl - Drawing user's profile header lines 
09:35:36.835 [http-nio-8090-exec-6] [DEBUG] c.l.s.s.s.ImageProcessingServiceImpl - Splitting user's profile by lines 
09:35:36.836 [http-nio-8090-exec-6] [DEBUG] c.l.s.s.s.ImageProcessingServiceImpl - Drawing user's profile body lines 
09:35:48.226 [http-nio-8090-exec-7] [DEBUG] c.l.s.s.service.UserServiceImpl - Getting list of followers profiles by user 484175925 
09:35:48.226 [http-nio-8090-exec-7] [DEBUG] c.l.s.s.service.UserServiceImpl - Find by id user 484175925 in users-table 
09:35:50.863 [http-nio-8090-exec-8] [DEBUG] c.l.s.s.service.UserServiceImpl - Getting list of mutual following profiles by user 484175925 
09:35:50.863 [http-nio-8090-exec-8] [DEBUG] c.l.s.s.service.UserServiceImpl - Find by id user 484175925 in users-table 
